aura-mobile-android/wearable-retail-app/build/intermediates/manifest_merge_blame_file/debug/processDebugMainManifest/manifest-merger-blame-debug-report.txt
1<?xml version="1.0" encoding="utf-8"?>
2<manifest xmlns:android="http://schemas.android.com/apk/res/android"
3    package="com.meta.wearable.retail"
4    android:versionCode="1"
5    android:versionName="1.0" >
6
7    <uses-sdk
7-->INJECTED
8        android:minSdkVersion="30"
8-->INJECTED
9        android:targetSdkVersion="35" />
9-->INJECTED
10
11    <uses-permission android:name="android.permission.BLUETOOTH_CONNECT" />
11-->src/main/AndroidManifest.xml:5:5-76
11-->src/main/AndroidManifest.xml:5:22-73
12    <uses-permission android:name="android.permission.INTERNET" />
12-->src/main/AndroidManifest.xml:6:5-67
12-->src/main/AndroidManifest.xml:6:22-64
13    <uses-permission android:name="android.permission.CAMERA" />
13-->src/main/AndroidManifest.xml:7:5-65
13-->src/main/AndroidManifest.xml:7:22-62
14
15    <uses-feature
15-->src/main/AndroidManifest.xml:9:5-85
16        android:name="android.hardware.camera"
16-->src/main/AndroidManifest.xml:9:19-57
17        android:required="false" />
17-->src/main/AndroidManifest.xml:9:58-82
18
19    <!-- Vaultier Gallery Integration (Late 2026 Standards) -->
20    <uses-permission android:name="android.permission.READ_MEDIA_IMAGES" />
20-->src/main/AndroidManifest.xml:12:5-76
20-->src/main/AndroidManifest.xml:12:22-73
21    <!-- Android 14+ Partial Access -->
22    <uses-permission android:name="android.permission.READ_MEDIA_VISUAL_USER_SELECTED" />
22-->src/main/AndroidManifest.xml:14:5-90
22-->src/main/AndroidManifest.xml:14:22-87
23    <!-- Fallback for older devices -->
24    <uses-permission
24-->src/main/AndroidManifest.xml:16:5-107
25        android:name="android.permission.READ_EXTERNAL_STORAGE"
25-->src/main/AndroidManifest.xml:16:22-77
26        android:maxSdkVersion="32" />
26-->src/main/AndroidManifest.xml:16:78-104
27    <uses-permission android:name="android.permission.USE_BIOMETRIC" /> <!-- suppress DeprecatedClassUsageInspection -->
27-->[androidx.biometric:biometric:1.2.0-alpha05] AndroidManifest.xml:22:5-72
27-->[androidx.biometric:biometric:1.2.0-alpha05] AndroidManifest.xml:22:22-69
28    <uses-permission android:name="android.permission.USE_FINGERPRINT" />
28-->[androidx.biometric:biometric:1.2.0-alpha05] AndroidManifest.xml:25:5-74
28-->[androidx.biometric:biometric:1.2.0-alpha05] AndroidManifest.xml:25:22-71
29    <uses-permission android:name="android.permission.ACCESS_NETWORK_STATE" />
29-->[com.google.firebase:firebase-auth:23.2.0] AndroidManifest.xml:26:5-79
29-->[com.google.firebase:firebase-auth:23.2.0] AndroidManifest.xml:26:22-76
30    <uses-permission android:name="com.google.android.providers.gsf.permission.READ_GSERVICES" />
30-->[com.google.android.recaptcha:recaptcha:18.6.1] AndroidManifest.xml:9:5-98
30-->[com.google.android.recaptcha:recaptcha:18.6.1] AndroidManifest.xml:9:22-95
31    <uses-permission android:name="android.permission.BLUETOOTH" />
31-->[com.meta.wearable:mwdat-mockdevice:0.7.0] AndroidManifest.xml:13:5-68
31-->[com.meta.wearable:mwdat-mockdevice:0.7.0] AndroidManifest.xml:13:22-65
32
33    <queries>
33-->[com.meta.wearable:mwdat-core:0.7.0] AndroidManifest.xml:15:5-18:15
34        <package android:name="com.facebook.stella" />
34-->[com.meta.wearable:mwdat-core:0.7.0] AndroidManifest.xml:16:9-55
34-->[com.meta.wearable:mwdat-core:0.7.0] AndroidManifest.xml:16:18-52
35        <package android:name="com.facebook.stella_debug" />
35-->[com.meta.wearable:mwdat-core:0.7.0] AndroidManifest.xml:17:9-61
35-->[com.meta.wearable:mwdat-core:0.7.0] AndroidManifest.xml:17:18-58
36    </queries>
37
38    <permission
38-->[androidx.core:core:1.19.0-alpha02] AndroidManifest.xml:22:5-24:47
39        android:name="com.meta.wearable.retail.DYNAMIC_RECEIVER_NOT_EXPORTED_PERMISSION"
39-->[androidx.core:core:1.19.0-alpha02] AndroidManifest.xml:23:9-81
40        android:protectionLevel="signature" />
40-->[androidx.core:core:1.19.0-alpha02] AndroidManifest.xml:24:9-44
41
42    <uses-permission android:name="com.meta.wearable.retail.DYNAMIC_RECEIVER_NOT_EXPORTED_PERMISSION" />
42-->[androidx.core:core:1.19.0-alpha02] AndroidManifest.xml:26:5-97
42-->[androidx.core:core:1.19.0-alpha02] AndroidManifest.xml:26:22-94
43
44    <application
44-->src/main/AndroidManifest.xml:18:5-69:19
45        android:name="com.meta.wearable.retail.RetailApplication"
45-->src/main/AndroidManifest.xml:19:9-42
46        android:allowBackup="true"
46-->src/main/AndroidManifest.xml:20:9-35
47        android:appComponentFactory="androidx.core.app.CoreComponentFactory"
47-->[androidx.core:core:1.19.0-alpha02] AndroidManifest.xml:28:18-86
48        android:debuggable="true"
49        android:extractNativeLibs="false"
49-->INJECTED
50        android:icon="@mipmap/ic_launcher"
50-->src/main/AndroidManifest.xml:21:9-43
51        android:label="@string/vaultier_app_name"
51-->src/main/AndroidManifest.xml:22:9-50
52        android:roundIcon="@mipmap/ic_launcher_round"
52-->src/main/AndroidManifest.xml:23:9-54
53        android:supportsRtl="true"
53-->src/main/AndroidManifest.xml:24:9-35
54        android:theme="@style/Theme.RetailAgenticCommerce" >
54-->src/main/AndroidManifest.xml:25:9-59
55        <meta-data
55-->src/main/AndroidManifest.xml:27:9-29:48
56            android:name="com.meta.wearable.mwdat.APPLICATION_ID"
56-->src/main/AndroidManifest.xml:28:13-66
57            android:value="2561594630944553" />
57-->src/main/AndroidManifest.xml:29:13-45
58        <meta-data
58-->src/main/AndroidManifest.xml:30:9-32:84
59            android:name="com.meta.wearable.mwdat.CLIENT_TOKEN"
59-->src/main/AndroidManifest.xml:31:13-64
60            android:value="AR|2561594630944553|ae56c0b0735f481616dd18d1edcc9d68" />
60-->src/main/AndroidManifest.xml:32:13-81
61        <meta-data
61-->src/main/AndroidManifest.xml:33:9-35:36
62            android:name="com.meta.wearable.mwdat.DAM_ENABLED"
62-->src/main/AndroidManifest.xml:34:13-63
63            android:value="true" />
63-->src/main/AndroidManifest.xml:35:13-33
64
65        <activity
65-->src/main/AndroidManifest.xml:37:9-60:20
66            android:name="com.meta.wearable.retail.MainActivity"
66-->src/main/AndroidManifest.xml:38:13-41
67            android:exported="true"
67-->src/main/AndroidManifest.xml:39:13-36
68            android:launchMode="singleTop" >
68-->src/main/AndroidManifest.xml:40:13-43
69            <intent-filter>
69-->src/main/AndroidManifest.xml:41:13-44:29
70                <action android:name="android.intent.action.MAIN" />
70-->src/main/AndroidManifest.xml:42:17-69
70-->src/main/AndroidManifest.xml:42:25-66
71
72                <category android:name="android.intent.category.LAUNCHER" />
72-->src/main/AndroidManifest.xml:43:17-77
72-->src/main/AndroidManifest.xml:43:27-74
73            </intent-filter>
74
75            <!-- Callback for Meta AI registration -->
76            <intent-filter>
76-->src/main/AndroidManifest.xml:47:13-52:29
77                <action android:name="android.intent.action.VIEW" />
77-->src/main/AndroidManifest.xml:48:17-69
77-->src/main/AndroidManifest.xml:48:25-66
78
79                <category android:name="android.intent.category.DEFAULT" />
79-->src/main/AndroidManifest.xml:49:17-76
79-->src/main/AndroidManifest.xml:49:27-73
80                <category android:name="android.intent.category.BROWSABLE" />
80-->src/main/AndroidManifest.xml:50:17-78
80-->src/main/AndroidManifest.xml:50:27-75
81
82                <data android:scheme="retailagent" />
82-->src/main/AndroidManifest.xml:51:17-54
82-->src/main/AndroidManifest.xml:51:23-51
83            </intent-filter>
84
85            <!-- Vaultier Identifier: Handle Shared Screenshots and Photos -->
86            <intent-filter>
86-->src/main/AndroidManifest.xml:55:13-59:29
87                <action android:name="android.intent.action.SEND" />
87-->src/main/AndroidManifest.xml:56:17-69
87-->src/main/AndroidManifest.xml:56:25-66
88
89                <category android:name="android.intent.category.DEFAULT" />
89-->src/main/AndroidManifest.xml:49:17-76
89-->src/main/AndroidManifest.xml:49:27-73
90
91                <data android:mimeType="image/*" />
91-->src/main/AndroidManifest.xml:51:17-54
91-->src/main/AndroidManifest.xml:58:23-49
92            </intent-filter>
93        </activity>
94
95        <!-- Projected Activity for Glasses -->
96        <activity
96-->src/main/AndroidManifest.xml:63:9-67:80
97            android:name="com.meta.wearable.retail.RetailGlassesActivity"
97-->src/main/AndroidManifest.xml:64:13-50
98            android:exported="false"
98-->src/main/AndroidManifest.xml:65:13-37
99            android:requiredDisplayCategory="xr_projected"
99-->src/main/AndroidManifest.xml:66:13-59
100            android:theme="@android:style/Theme.Black.NoTitleBar.Fullscreen" />
100-->src/main/AndroidManifest.xml:67:13-77
101        <activity
101-->[com.google.firebase:firebase-auth:23.2.0] AndroidManifest.xml:29:9-46:20
102            android:name="com.google.firebase.auth.internal.GenericIdpActivity"
102-->[com.google.firebase:firebase-auth:23.2.0] AndroidManifest.xml:30:13-80
103            android:excludeFromRecents="true"
103-->[com.google.firebase:firebase-auth:23.2.0] AndroidManifest.xml:31:13-46
104            android:exported="true"
104-->[com.google.firebase:firebase-auth:23.2.0] AndroidManifest.xml:32:13-36
105            android:launchMode="singleTask"
105-->[com.google.firebase:firebase-auth:23.2.0] AndroidManifest.xml:33:13-44
106            android:theme="@android:style/Theme.Translucent.NoTitleBar" >
106-->[com.google.firebase:firebase-auth:23.2.0] AndroidManifest.xml:34:13-72
107            <intent-filter>
107-->[com.google.firebase:firebase-auth:23.2.0] AndroidManifest.xml:35:13-45:29
108                <action android:name="android.intent.action.VIEW" />
108-->src/main/AndroidManifest.xml:48:17-69
108-->src/main/AndroidManifest.xml:48:25-66
109
110                <category android:name="android.intent.category.DEFAULT" />
110-->src/main/AndroidManifest.xml:49:17-76
110-->src/main/AndroidManifest.xml:49:27-73
111                <category android:name="android.intent.category.BROWSABLE" />
111-->src/main/AndroidManifest.xml:50:17-78
111-->src/main/AndroidManifest.xml:50:27-75
112
113                <data
113-->src/main/AndroidManifest.xml:51:17-54
114                    android:host="firebase.auth"
115                    android:path="/"
116                    android:scheme="genericidp" />
116-->src/main/AndroidManifest.xml:51:23-51
117            </intent-filter>
118        </activity>
119        <activity
119-->[com.google.firebase:firebase-auth:23.2.0] AndroidManifest.xml:47:9-64:20
120            android:name="com.google.firebase.auth.internal.RecaptchaActivity"
120-->[com.google.firebase:firebase-auth:23.2.0] AndroidManifest.xml:48:13-79
121            android:excludeFromRecents="true"
121-->[com.google.firebase:firebase-auth:23.2.0] AndroidManifest.xml:49:13-46
122            android:exported="true"
122-->[com.google.firebase:firebase-auth:23.2.0] AndroidManifest.xml:50:13-36
123            android:launchMode="singleTask"
123-->[com.google.firebase:firebase-auth:23.2.0] AndroidManifest.xml:51:13-44
124            android:theme="@android:style/Theme.Translucent.NoTitleBar" >
124-->[com.google.firebase:firebase-auth:23.2.0] AndroidManifest.xml:52:13-72
125            <intent-filter>
125-->[com.google.firebase:firebase-auth:23.2.0] AndroidManifest.xml:53:13-63:29
126                <action android:name="android.intent.action.VIEW" />
126-->src/main/AndroidManifest.xml:48:17-69
126-->src/main/AndroidManifest.xml:48:25-66
127
128                <category android:name="android.intent.category.DEFAULT" />
128-->src/main/AndroidManifest.xml:49:17-76
128-->src/main/AndroidManifest.xml:49:27-73
129                <category android:name="android.intent.category.BROWSABLE" />
129-->src/main/AndroidManifest.xml:50:17-78
129-->src/main/AndroidManifest.xml:50:27-75
130
131                <data
131-->src/main/AndroidManifest.xml:51:17-54
132                    android:host="firebase.auth"
133                    android:path="/"
134                    android:scheme="recaptcha" />
134-->src/main/AndroidManifest.xml:51:23-51
135            </intent-filter>
136        </activity>
137
138        <service
138-->[com.google.firebase:firebase-auth:23.2.0] AndroidManifest.xml:66:9-72:19
139            android:name="com.google.firebase.components.ComponentDiscoveryService"
139-->[com.google.firebase:firebase-auth:23.2.0] AndroidManifest.xml:67:13-84
140            android:directBootAware="true"
140-->[com.google.firebase:firebase-common:21.0.0] AndroidManifest.xml:32:13-43
141            android:exported="false" >
141-->[com.google.firebase:firebase-auth:23.2.0] AndroidManifest.xml:68:13-37
142            <meta-data
142-->[com.google.firebase:firebase-auth:23.2.0] AndroidManifest.xml:69:13-71:85
143                android:name="com.google.firebase.components:com.google.firebase.auth.FirebaseAuthRegistrar"
143-->[com.google.firebase:firebase-auth:23.2.0] AndroidManifest.xml:70:17-109
144                android:value="com.google.firebase.components.ComponentRegistrar" />
144-->[com.google.firebase:firebase-auth:23.2.0] AndroidManifest.xml:71:17-82
145            <meta-data
145-->[com.google.firebase:firebase-common-ktx:21.0.0] AndroidManifest.xml:12:13-14:85
146                android:name="com.google.firebase.components:com.google.firebase.ktx.FirebaseCommonLegacyRegistrar"
146-->[com.google.firebase:firebase-common-ktx:21.0.0] AndroidManifest.xml:13:17-116
147                android:value="com.google.firebase.components.ComponentRegistrar" />
147-->[com.google.firebase:firebase-common-ktx:21.0.0] AndroidManifest.xml:14:17-82
148            <meta-data
148-->[com.google.firebase:firebase-common:21.0.0] AndroidManifest.xml:35:13-37:85
149                android:name="com.google.firebase.components:com.google.firebase.FirebaseCommonKtxRegistrar"
149-->[com.google.firebase:firebase-common:21.0.0] AndroidManifest.xml:36:17-109
150                android:value="com.google.firebase.components.ComponentRegistrar" />
150-->[com.google.firebase:firebase-common:21.0.0] AndroidManifest.xml:37:17-82
151        </service>
152        <service
152-->[androidx.credentials:credentials-play-services-auth:1.2.0-rc01] AndroidManifest.xml:24:9-32:19
153            android:name="androidx.credentials.playservices.CredentialProviderMetadataHolder"
153-->[androidx.credentials:credentials-play-services-auth:1.2.0-rc01] AndroidManifest.xml:25:13-94
154            android:enabled="true"
154-->[androidx.credentials:credentials-play-services-auth:1.2.0-rc01] AndroidManifest.xml:26:13-35
155            android:exported="false" >
155-->[androidx.credentials:credentials-play-services-auth:1.2.0-rc01] AndroidManifest.xml:27:13-37
156            <meta-data
156-->[androidx.credentials:credentials-play-services-auth:1.2.0-rc01] AndroidManifest.xml:29:13-31:104
157                android:name="androidx.credentials.CREDENTIAL_PROVIDER_KEY"
157-->[androidx.credentials:credentials-play-services-auth:1.2.0-rc01] AndroidManifest.xml:30:17-76
158                android:value="androidx.credentials.playservices.CredentialProviderPlayServicesImpl" />
158-->[androidx.credentials:credentials-play-services-auth:1.2.0-rc01] AndroidManifest.xml:31:17-101
159        </service>
160
161        <activity
161-->[androidx.credentials:credentials-play-services-auth:1.2.0-rc01] AndroidManifest.xml:34:9-41:20
162            android:name="androidx.credentials.playservices.HiddenActivity"
162-->[androidx.credentials:credentials-play-services-auth:1.2.0-rc01] AndroidManifest.xml:35:13-76
163            android:configChanges="orientation|screenSize|screenLayout|keyboardHidden"
163-->[androidx.credentials:credentials-play-services-auth:1.2.0-rc01] AndroidManifest.xml:36:13-87
164            android:enabled="true"
164-->[androidx.credentials:credentials-play-services-auth:1.2.0-rc01] AndroidManifest.xml:37:13-35
165            android:exported="false"
165-->[androidx.credentials:credentials-play-services-auth:1.2.0-rc01] AndroidManifest.xml:38:13-37
166            android:fitsSystemWindows="true"
166-->[androidx.credentials:credentials-play-services-auth:1.2.0-rc01] AndroidManifest.xml:39:13-45
167            android:theme="@style/Theme.Hidden" >
167-->[androidx.credentials:credentials-play-services-auth:1.2.0-rc01] AndroidManifest.xml:40:13-48
168        </activity>
169        <activity
169-->[com.google.android.gms:play-services-auth:20.7.0] AndroidManifest.xml:23:9-27:75
170            android:name="com.google.android.gms.auth.api.signin.internal.SignInHubActivity"
170-->[com.google.android.gms:play-services-auth:20.7.0] AndroidManifest.xml:24:13-93
171            android:excludeFromRecents="true"
171-->[com.google.android.gms:play-services-auth:20.7.0] AndroidManifest.xml:25:13-46
172            android:exported="false"
172-->[com.google.android.gms:play-services-auth:20.7.0] AndroidManifest.xml:26:13-37
173            android:theme="@android:style/Theme.Translucent.NoTitleBar" />
173-->[com.google.android.gms:play-services-auth:20.7.0] AndroidManifest.xml:27:13-72
174        <!--
175            Service handling Google Sign-In user revocation. For apps that do not integrate with
176            Google Sign-In, this service will never be started.
177        -->
178        <service
178-->[com.google.android.gms:play-services-auth:20.7.0] AndroidManifest.xml:33:9-37:51
179            android:name="com.google.android.gms.auth.api.signin.RevocationBoundService"
179-->[com.google.android.gms:play-services-auth:20.7.0] AndroidManifest.xml:34:13-89
180            android:exported="true"
180-->[com.google.android.gms:play-services-auth:20.7.0] AndroidManifest.xml:35:13-36
181            android:permission="com.google.android.gms.auth.api.signin.permission.REVOCATION_NOTIFICATION"
181-->[com.google.android.gms:play-services-auth:20.7.0] AndroidManifest.xml:36:13-107
182            android:visibleToInstantApps="true" />
182-->[com.google.android.gms:play-services-auth:20.7.0] AndroidManifest.xml:37:13-48
183
184        <provider
184-->[com.google.firebase:firebase-common:21.0.0] AndroidManifest.xml:23:9-28:39
185            android:name="com.google.firebase.provider.FirebaseInitProvider"
185-->[com.google.firebase:firebase-common:21.0.0] AndroidManifest.xml:24:13-77
186            android:authorities="com.meta.wearable.retail.firebaseinitprovider"
186-->[com.google.firebase:firebase-common:21.0.0] AndroidManifest.xml:25:13-72
187            android:directBootAware="true"
187-->[com.google.firebase:firebase-common:21.0.0] AndroidManifest.xml:26:13-43
188            android:exported="false"
188-->[com.google.firebase:firebase-common:21.0.0] AndroidManifest.xml:27:13-37
189            android:initOrder="100" />
189-->[com.google.firebase:firebase-common:21.0.0] AndroidManifest.xml:28:13-36
190
191        <activity
191-->[com.google.android.gms:play-services-base:18.0.1] AndroidManifest.xml:20:9-22:45
192            android:name="com.google.android.gms.common.api.GoogleApiActivity"
192-->[com.google.android.gms:play-services-base:18.0.1] AndroidManifest.xml:20:19-85
193            android:exported="false"
193-->[com.google.android.gms:play-services-base:18.0.1] AndroidManifest.xml:22:19-43
194            android:theme="@android:style/Theme.Translucent.NoTitleBar" />
194-->[com.google.android.gms:play-services-base:18.0.1] AndroidManifest.xml:21:19-78
195
196        <service
196-->[com.meta.wearable:mwdat-core:0.7.0] AndroidManifest.xml:21:9-29:19
197            android:name="com.meta.wearable.acdc.sdk.service.ACDCRegistrationService"
197-->[com.meta.wearable:mwdat-core:0.7.0] AndroidManifest.xml:22:13-86
198            android:exported="true" >
198-->[com.meta.wearable:mwdat-core:0.7.0] AndroidManifest.xml:23:13-36
199            <intent-filter>
199-->[com.meta.wearable:mwdat-core:0.7.0] AndroidManifest.xml:24:13-28:29
200                <action android:name="com.meta.wearable.acdc.sdk.service.ACDCRegistrationService.BIND" />
200-->[com.meta.wearable:mwdat-core:0.7.0] AndroidManifest.xml:25:17-106
200-->[com.meta.wearable:mwdat-core:0.7.0] AndroidManifest.xml:25:25-103
201
202                <category android:name="android.intent.category.DEFAULT" />
202-->src/main/AndroidManifest.xml:49:17-76
202-->src/main/AndroidManifest.xml:49:27-73
203            </intent-filter>
204        </service>
205
206        <provider
206-->[androidx.emoji2:emoji2:1.4.0] AndroidManifest.xml:24:9-32:20
207            android:name="androidx.startup.InitializationProvider"
207-->[androidx.emoji2:emoji2:1.4.0] AndroidManifest.xml:25:13-67
208            android:authorities="com.meta.wearable.retail.androidx-startup"
208-->[androidx.emoji2:emoji2:1.4.0] AndroidManifest.xml:26:13-68
209            android:exported="false" >
209-->[androidx.emoji2:emoji2:1.4.0] AndroidManifest.xml:27:13-37
210            <meta-data
210-->[androidx.emoji2:emoji2:1.4.0] AndroidManifest.xml:29:13-31:52
211                android:name="androidx.emoji2.text.EmojiCompatInitializer"
211-->[androidx.emoji2:emoji2:1.4.0] AndroidManifest.xml:30:17-75
212                android:value="androidx.startup" />
212-->[androidx.emoji2:emoji2:1.4.0] AndroidManifest.xml:31:17-49
213            <meta-data
213-->[androidx.lifecycle:lifecycle-process:2.9.4] AndroidManifest.xml:29:13-31:52
214                android:name="androidx.lifecycle.ProcessLifecycleInitializer"
214-->[androidx.lifecycle:lifecycle-process:2.9.4] AndroidManifest.xml:30:17-78
215                android:value="androidx.startup" />
215-->[androidx.lifecycle:lifecycle-process:2.9.4] AndroidManifest.xml:31:17-49
216            <meta-data
216-->[androidx.profileinstaller:profileinstaller:1.4.0] AndroidManifest.xml:29:13-31:52
217                android:name="androidx.profileinstaller.ProfileInstallerInitializer"
217-->[androidx.profileinstaller:profileinstaller:1.4.0] AndroidManifest.xml:30:17-85
218                android:value="androidx.startup" />
218-->[androidx.profileinstaller:profileinstaller:1.4.0] AndroidManifest.xml:31:17-49
219        </provider>
220
221        <uses-library
221-->[androidx.window:window:1.5.0] AndroidManifest.xml:23:9-25:40
222            android:name="androidx.window.extensions"
222-->[androidx.window:window:1.5.0] AndroidManifest.xml:24:13-54
223            android:required="false" />
223-->[androidx.window:window:1.5.0] AndroidManifest.xml:25:13-37
224        <uses-library
224-->[androidx.window:window:1.5.0] AndroidManifest.xml:26:9-28:40
225            android:name="androidx.window.sidecar"
225-->[androidx.window:window:1.5.0] AndroidManifest.xml:27:13-51
226            android:required="false" />
226-->[androidx.window:window:1.5.0] AndroidManifest.xml:28:13-37
227
228        <activity
228-->[androidx.compose.ui:ui-tooling-android:1.12.0-alpha03] AndroidManifest.xml:23:9-25:39
229            android:name="androidx.compose.ui.tooling.PreviewActivity"
229-->[androidx.compose.ui:ui-tooling-android:1.12.0-alpha03] AndroidManifest.xml:24:13-71
230            android:exported="true" />
230-->[androidx.compose.ui:ui-tooling-android:1.12.0-alpha03] AndroidManifest.xml:25:13-36
231
232        <meta-data
232-->[com.google.android.gms:play-services-basement:18.4.0] AndroidManifest.xml:6:9-122
233            android:name="com.google.android.gms.version"
233-->[com.google.android.gms:play-services-basement:18.4.0] AndroidManifest.xml:6:20-65
234            android:value="@integer/google_play_services_version" />
234-->[com.google.android.gms:play-services-basement:18.4.0] AndroidManifest.xml:6:66-119
235
236        <receiver
236-->[androidx.profileinstaller:profileinstaller:1.4.0] AndroidManifest.xml:34:9-52:20
237            android:name="androidx.profileinstaller.ProfileInstallReceiver"
237-->[androidx.profileinstaller:profileinstaller:1.4.0] AndroidManifest.xml:35:13-76
238            android:directBootAware="false"
238-->[androidx.profileinstaller:profileinstaller:1.4.0] AndroidManifest.xml:36:13-44
239            android:enabled="true"
239-->[androidx.profileinstaller:profileinstaller:1.4.0] AndroidManifest.xml:37:13-35
240            android:exported="true"
240-->[androidx.profileinstaller:profileinstaller:1.4.0] AndroidManifest.xml:38:13-36
241            android:permission="android.permission.DUMP" >
241-->[androidx.profileinstaller:profileinstaller:1.4.0] AndroidManifest.xml:39:13-57
242            <intent-filter>
242-->[androidx.profileinstaller:profileinstaller:1.4.0] AndroidManifest.xml:40:13-42:29
243                <action android:name="androidx.profileinstaller.action.INSTALL_PROFILE" />
243-->[androidx.profileinstaller:profileinstaller:1.4.0] AndroidManifest.xml:41:17-91
243-->[androidx.profileinstaller:profileinstaller:1.4.0] AndroidManifest.xml:41:25-88
244            </intent-filter>
245            <intent-filter>
245-->[androidx.profileinstaller:profileinstaller:1.4.0] AndroidManifest.xml:43:13-45:29
246                <action android:name="androidx.profileinstaller.action.SKIP_FILE" />
246-->[androidx.profileinstaller:profileinstaller:1.4.0] AndroidManifest.xml:44:17-85
246-->[androidx.profileinstaller:profileinstaller:1.4.0] AndroidManifest.xml:44:25-82
247            </intent-filter>
248            <intent-filter>
248-->[androidx.profileinstaller:profileinstaller:1.4.0] AndroidManifest.xml:46:13-48:29
249                <action android:name="androidx.profileinstaller.action.SAVE_PROFILE" />
249-->[androidx.profileinstaller:profileinstaller:1.4.0] AndroidManifest.xml:47:17-88
249-->[androidx.profileinstaller:profileinstaller:1.4.0] AndroidManifest.xml:47:25-85
250            </intent-filter>
251            <intent-filter>
251-->[androidx.profileinstaller:profileinstaller:1.4.0] AndroidManifest.xml:49:13-51:29
252                <action android:name="androidx.profileinstaller.action.BENCHMARK_OPERATION" />
252-->[androidx.profileinstaller:profileinstaller:1.4.0] AndroidManifest.xml:50:17-95
252-->[androidx.profileinstaller:profileinstaller:1.4.0] AndroidManifest.xml:50:25-92
253            </intent-filter>
254        </receiver>
255
256        <meta-data
256-->[com.facebook.soloader:soloader:0.12.1] AndroidManifest.xml:12:9-14:37
257            android:name="com.facebook.soloader.enabled"
257-->[com.facebook.soloader:soloader:0.12.1] AndroidManifest.xml:13:13-57
258            android:value="false" /> <!-- The activities will be merged into the manifest of the hosting app. -->
258-->[com.facebook.soloader:soloader:0.12.1] AndroidManifest.xml:14:13-34
259        <activity
259-->[com.google.android.play:core-common:2.0.3] AndroidManifest.xml:14:9-18:65
260            android:name="com.google.android.play.core.common.PlayCoreDialogWrapperActivity"
260-->[com.google.android.play:core-common:2.0.3] AndroidManifest.xml:15:13-93
261            android:exported="false"
261-->[com.google.android.play:core-common:2.0.3] AndroidManifest.xml:16:13-37
262            android:stateNotNeeded="true"
262-->[com.google.android.play:core-common:2.0.3] AndroidManifest.xml:17:13-42
263            android:theme="@style/Theme.PlayCore.Transparent" />
263-->[com.google.android.play:core-common:2.0.3] AndroidManifest.xml:18:13-62
264    </application>
265
266</manifest>